Started GET "/" for 127.0.0.1 at 2017-06-27 21:54:03 +0700
Processing by ApplicationController#hello as HTML
  Rendering html template
  Rendered html template (0.0ms)
Completed 200 OK in 98ms (Views: 2.1ms)


Started GET "/" for 127.0.0.1 at 2017-06-28 09:07:27 +0700
Processing by ApplicationController#hello as HTML
  Rendering html template
  Rendered html template (0.0ms)
Completed 200 OK in 247ms (Views: 3.4ms)


Started GET "/" for 127.0.0.1 at 2017-06-28 09:41:23 +0700
Processing by StaticPagesController#home as HTML
  Rendering static_pages/home.html.erb within layouts/application
  Rendered static_pages/home.html.erb within layouts/application (1.8ms)
Completed 200 OK in 370ms (Views: 279.7ms)


Started GET "/static_pages/home" for 127.0.0.1 at 2017-06-28 09:41:27 +0700
Processing by StaticPagesController#home as HTML
  Rendering static_pages/home.html.erb within layouts/application
  Rendered static_pages/home.html.erb within layouts/application (0.3ms)
Completed 200 OK in 16ms (Views: 15.3ms)


Started GET "/static_pages/help" for 127.0.0.1 at 2017-06-28 09:41:33 +0700
Processing by StaticPagesController#help as HTML
  Rendering static_pages/help.html.erb within layouts/application
  Rendered static_pages/help.html.erb within layouts/application (0.3ms)
Completed 200 OK in 13ms (Views: 12.7ms)


Started GET "/static_pages/about" for 127.0.0.1 at 2017-06-28 09:41:40 +0700
Processing by StaticPagesController#about as HTML
  Rendering static_pages/about.html.erb within layouts/application
  Rendered static_pages/about.html.erb within layouts/application (0.7ms)
Completed 200 OK in 32ms (Views: 30.6ms)


Started GET "/" for 127.0.0.1 at 2017-06-28 09:41:45 +0700
Processing by StaticPagesController#home as HTML
  Rendering static_pages/home.html.erb within layouts/application
  Rendered static_pages/home.html.erb within layouts/application (0.4ms)
Completed 200 OK in 15ms (Views: 13.3ms)


Started GET "/" for 127.0.0.1 at 2017-06-28 09:43:09 +0700
Processing by StaticPagesController#home as HTML
  Rendering static_pages/home.html.erb within layouts/application
  Rendered static_pages/home.html.erb within layouts/application (0.6ms)
Completed 200 OK in 335ms (Views: 241.3ms)


Started GET "/static_pages/help" for 127.0.0.1 at 2017-06-28 09:43:15 +0700
Processing by StaticPagesController#help as HTML
  Rendering static_pages/help.html.erb within layouts/application
  Rendered static_pages/help.html.erb within layouts/application (0.3ms)
Completed 200 OK in 16ms (Views: 14.2ms)


